0 info it worked if it ends with ok
1 verbose cli [ '/Users/John/.nvm/versions/node/v0.12.7/bin/node',
1 verbose cli   '/Users/John/.nvm/versions/node/v0.12.7/bin/npm',
1 verbose cli   'run',
1 verbose cli   'start:dev' ]
2 info using npm@2.11.3
3 info using node@v0.12.7
4 verbose run-script [ 'prestart:dev', 'start:dev', 'poststart:dev' ]
5 info prestart:dev Collaborate_Front_End@1.0.0
6 info start:dev Collaborate_Front_End@1.0.0
7 verbose unsafe-perm in lifecycle true
8 info Collaborate_Front_End@1.0.0 Failed to exec start:dev script
9 verbose stack Error: Collaborate_Front_End@1.0.0 start:dev: `NODE_ENV=dev node server.js`
9 verbose stack Exit status 1
9 verbose stack     at EventEmitter.<anonymous> (/Users/John/.nvm/versions/node/v0.12.7/lib/node_modules/npm/lib/utils/lifecycle.js:213:16)
9 verbose stack     at EventEmitter.emit (events.js:110:17)
9 verbose stack     at ChildProcess.<anonymous> (/Users/John/.nvm/versions/node/v0.12.7/lib/node_modules/npm/lib/utils/spawn.js:24:14)
9 verbose stack     at ChildProcess.emit (events.js:110:17)
9 verbose stack     at maybeClose (child_process.js:1015:16)
9 verbose stack     at Process.ChildProcess._handle.onexit (child_process.js:1087:5)
10 verbose pkgid Collaborate_Front_End@1.0.0
11 verbose cwd /Users/John/projects/collaborate-fe
12 error Darwin 15.0.0
13 error argv "/Users/John/.nvm/versions/node/v0.12.7/bin/node" "/Users/John/.nvm/versions/node/v0.12.7/bin/npm" "run" "start:dev"
14 error node v0.12.7
15 error npm  v2.11.3
16 error code ELIFECYCLE
17 error Collaborate_Front_End@1.0.0 start:dev: `NODE_ENV=dev node server.js`
17 error Exit status 1
18 error Failed at the Collaborate_Front_End@1.0.0 start:dev script 'NODE_ENV=dev node server.js'.
18 error This is most likely a problem with the Collaborate_Front_End package,
18 error not with npm itself.
18 error Tell the author that this fails on your system:
18 error     NODE_ENV=dev node server.js
18 error You can get their info via:
18 error     npm owner ls Collaborate_Front_End
18 error There is likely additional logging output above.
19 verbose exit [ 1, true ]
